<?xml version="1.0" encoding="utf-8"?><testsuites name="pytest tests"><testsuite name="pytest" errors="0" failures="0" skipped="0" tests="17" time="1.633" timestamp="2026-07-13T16:30:40.706607+08:00" hostname="C016212"><testcase classname="testcase.lpATMP.test_lpatmp_api.TestVehicle" name="test_vehicle[base_info0-testcase0]" time="0.255" /><testcase classname="testcase.lpATMP.test_lpatmp_api.TestVehicle" name="test_vehicle[base_info1-testcase1]" time="0.120" /><testcase classname="testcase.lpATMP.test_lpatmp_api.TestVehicle" name="test_vehicle[base_info2-testcase2]" time="0.066" /><testcase classname="testcase.lpATMP.test_lpatmp_api.TestVehicle" name="test_vehicle[base_info3-testcase3]" time="0.078" /><testcase classname="testcase.lpATMP.test_lpatmp_api.TestVehicle" name="test_vehicle[base_info4-testcase4]" time="0.051" /><testcase classname="testcase.lpATMP.test_lpatmp_api.TestVehicle" name="test_vehicle[base_info5-testcase5]" time="0.077" /><testcase classname="testcase.lpATMP.test_lpatmp_api.TestRecord" name="test_record[base_info0-testcase0]" time="0.097" /><testcase classname="testcase.lpATMP.test_lpatmp_api.TestRecord" name="test_record[base_info1-testcase1]" time="0.064" /><testcase classname="testcase.lpATMP.test_lpatmp_api.TestRecord" name="test_record[base_info2-testcase2]" time="0.069" /><testcase classname="testcase.lpATMP.test_lpatmp_api.TestRecord" name="test_record[base_info3-testcase3]" time="0.064" /><testcase classname="testcase.lpATMP.test_lpatmp_api.TestRecord" name="test_record[base_info4-testcase4]" time="0.067" /><testcase classname="testcase.lpATMP.test_lpatmp_api.TestBorrow" name="test_borrow[base_info0-testcase0]" time="0.057" /><testcase classname="testcase.lpATMP.test_lpatmp_api.TestBorrow" name="test_borrow[base_info1-testcase1]" time="0.094" /><testcase classname="testcase.lpATMP.test_lpatmp_api.TestBorrow" name="test_borrow[base_info2-testcase2]" time="0.095" /><testcase classname="testcase.lpATMP.test_lpatmp_api.TestBorrow" name="test_borrow[base_info3-testcase3]" time="0.066" /><testcase classname="testcase.lpATMP.test_lpatmp_api.TestBorrow" name="test_borrow[base_info4-testcase4]" time="0.067" /><testcase classname="testcase.lpATMP.test_lpatmp_api.TestBorrow" name="test_borrow[base_info5-testcase5]" time="0.085" /></testsuite></testsuites>