<?xml version="1.0" encoding="utf-8"?><testsuites name="pytest tests"><testsuite name="pytest" errors="0" failures="0" skipped="0" tests="17" time="2.435" timestamp="2026-07-10T14:03:59.680658+08:00" hostname="C016212"><testcase classname="testcase.lpATMP.test_lpatmp_api.TestVehicle" name="test_vehicle[base_info0-testcase0]" time="0.205" /><testcase classname="testcase.lpATMP.test_lpatmp_api.TestVehicle" name="test_vehicle[base_info1-testcase1]" time="0.184" /><testcase classname="testcase.lpATMP.test_lpatmp_api.TestVehicle" name="test_vehicle[base_info2-testcase2]" time="0.100" /><testcase classname="testcase.lpATMP.test_lpatmp_api.TestVehicle" name="test_vehicle[base_info3-testcase3]" time="0.127" /><testcase classname="testcase.lpATMP.test_lpatmp_api.TestVehicle" name="test_vehicle[base_info4-testcase4]" time="0.079" /><testcase classname="testcase.lpATMP.test_lpatmp_api.TestVehicle" name="test_vehicle[base_info5-testcase5]" time="0.115" /><testcase classname="testcase.lpATMP.test_lpatmp_api.TestRecord" name="test_record[base_info0-testcase0]" time="0.108" /><testcase classname="testcase.lpATMP.test_lpatmp_api.TestRecord" name="test_record[base_info1-testcase1]" time="0.093" /><testcase classname="testcase.lpATMP.test_lpatmp_api.TestRecord" name="test_record[base_info2-testcase2]" time="0.082" /><testcase classname="testcase.lpATMP.test_lpatmp_api.TestRecord" name="test_record[base_info3-testcase3]" time="0.112" /><testcase classname="testcase.lpATMP.test_lpatmp_api.TestRecord" name="test_record[base_info4-testcase4]" time="0.093" /><testcase classname="testcase.lpATMP.test_lpatmp_api.TestBorrow" name="test_borrow[base_info0-testcase0]" time="0.123" /><testcase classname="testcase.lpATMP.test_lpatmp_api.TestBorrow" name="test_borrow[base_info1-testcase1]" time="0.159" /><testcase classname="testcase.lpATMP.test_lpatmp_api.TestBorrow" name="test_borrow[base_info2-testcase2]" time="0.139" /><testcase classname="testcase.lpATMP.test_lpatmp_api.TestBorrow" name="test_borrow[base_info3-testcase3]" time="0.103" /><testcase classname="testcase.lpATMP.test_lpatmp_api.TestBorrow" name="test_borrow[base_info4-testcase4]" time="0.133" /><testcase classname="testcase.lpATMP.test_lpatmp_api.TestBorrow" name="test_borrow[base_info5-testcase5]" time="0.168" /></testsuite></testsuites>